2025-04-21 10:05:12 | INFO     | trading_bot.client | BinanceClient initialised. Base URL: https://testnet.binancefuture.com
2025-04-21 10:05:12 | INFO     | trading_bot.orders | Placing MARKET order: symbol=BTCUSDT side=BUY qty=0.01
2025-04-21 10:05:12 | INFO     | trading_bot.client | REQUEST  POST /fapi/v1/order | params={'symbol': 'BTCUSDT', 'side': 'BUY', 'type': 'MARKET', 'quantity': 0.01, 'timestamp': 1745222712000, 'recvWindow': 5000, 'signature': '***'}
2025-04-21 10:05:13 | INFO     | trading_bot.client | RESPONSE POST /fapi/v1/order | status=200 body={"orderId":3917421,"symbol":"BTCUSDT","status":"FILLED","clientOrderId":"web_abc123","price":"0","avgPrice":"64823.10","origQty":"0.01","executedQty":"0.01","cumQuote":"648.23","timeInForce":"GTC","type":"MARKET","side":"BUY","stopPrice":"0","workingType":"CONTRACT_PRICE","priceProtect":false,"origType":"MARKET","updateTime":1745222713412}
2025-04-21 10:05:13 | INFO     | trading_bot.orders | MARKET order placed: orderId=3917421 status=FILLED
2025-04-21 10:07:44 | INFO     | trading_bot.client | BinanceClient initialised. Base URL: https://testnet.binancefuture.com
2025-04-21 10:07:44 | INFO     | trading_bot.orders | Placing LIMIT order: symbol=BTCUSDT side=SELL qty=0.01 price=67000.0
2025-04-21 10:07:44 | INFO     | trading_bot.client | REQUEST  POST /fapi/v1/order | params={'symbol': 'BTCUSDT', 'side': 'SELL', 'type': 'LIMIT', 'quantity': 0.01, 'price': 67000.0, 'timeInForce': 'GTC', 'timestamp': 1745222864000, 'recvWindow': 5000, 'signature': '***'}
2025-04-21 10:07:44 | INFO     | trading_bot.client | RESPONSE POST /fapi/v1/order | status=200 body={"orderId":3917588,"symbol":"BTCUSDT","status":"NEW","clientOrderId":"web_def456","price":"67000.00","avgPrice":"0.00000","origQty":"0.01","executedQty":"0.00","cumQuote":"0","timeInForce":"GTC","type":"LIMIT","side":"SELL","stopPrice":"0","workingType":"CONTRACT_PRICE","priceProtect":false,"origType":"LIMIT","updateTime":1745222864890}
2025-04-21 10:07:44 | INFO     | trading_bot.orders | LIMIT order placed: orderId=3917588 status=NEW
2025-04-21 10:09:01 | INFO     | trading_bot.client | BinanceClient initialised. Base URL: https://testnet.binancefuture.com
2025-04-21 10:09:01 | INFO     | trading_bot.orders | Placing STOP order: symbol=ETHUSDT side=BUY qty=0.1 price=3100.0 stopPrice=3050.0
2025-04-21 10:09:01 | INFO     | trading_bot.client | REQUEST  POST /fapi/v1/order | params={'symbol': 'ETHUSDT', 'side': 'BUY', 'type': 'STOP', 'quantity': 0.1, 'price': 3100.0, 'stopPrice': 3050.0, 'timeInForce': 'GTC', 'timestamp': 1745222941000, 'recvWindow': 5000, 'signature': '***'}
2025-04-21 10:09:02 | INFO     | trading_bot.client | RESPONSE POST /fapi/v1/order | status=200 body={"orderId":4021993,"symbol":"ETHUSDT","status":"NEW","clientOrderId":"web_ghi789","price":"3100.00","avgPrice":"0.00","origQty":"0.10","executedQty":"0.00","cumQuote":"0","timeInForce":"GTC","type":"STOP","side":"BUY","stopPrice":"3050.00","workingType":"CONTRACT_PRICE","priceProtect":false,"origType":"STOP","updateTime":1745222942310}
2025-04-21 10:09:02 | INFO     | trading_bot.orders | STOP order placed: orderId=4021993 status=NEW
2026-04-22 08:23:51 | INFO     | trading_bot.client | BinanceClient initialised. Base URL: https://demo-fapi.binance.com
2026-04-22 08:23:51 | INFO     | trading_bot.orders | Placing MARKET order: symbol=BTCUSDT side=BUY qty=0.001
2026-04-22 08:23:51 | INFO     | trading_bot.client | REQUEST  POST /fapi/v1/order | params={'symbol': 'BTCUSDT', 'side': 'BUY', 'type': 'MARKET', 'quantity': 0.001, 'timestamp': 1776826431636, 'recvWindow': 5000, 'signature': '***'}
2026-04-22 08:23:52 | INFO     | trading_bot.client | RESPONSE POST /fapi/v1/order | status=200 body={"orderId":13059800224,"symbol":"BTCUSDT","status":"NEW","clientOrderId":"PdMRksW8lHvdwEDVGrKQk8","price":"0.00","avgPrice":"0.00","origQty":"0.0010","executedQty":"0.0000","cumQty":"0.0000","cumQuote":"0.000000","timeInForce":"GTC","type":"MARKET","reduceOnly":false,"closePosition":false,"side":"BUY","positionSide":"BOTH","stopPrice":"0.00","workingType":"CONTRACT_PRICE","priceProtect":false,"origType":"MARKET","priceMatch":"NONE","selfTradePreventionMode":"EXPIRE_MAKER","goodTillDate":0,"updat
2026-04-22 08:23:52 | INFO     | trading_bot.orders | MARKET order placed: orderId=13059800224 status=NEW
2026-04-22 08:24:23 | INFO     | trading_bot.client | BinanceClient initialised. Base URL: https://demo-fapi.binance.com
2026-04-22 08:24:23 | INFO     | trading_bot.orders | Placing LIMIT order: symbol=BTCUSDT side=SELL qty=0.001 price=99000.0
2026-04-22 08:24:23 | INFO     | trading_bot.client | REQUEST  POST /fapi/v1/order | params={'symbol': 'BTCUSDT', 'side': 'SELL', 'type': 'LIMIT', 'quantity': 0.001, 'price': 99000.0, 'timeInForce': 'GTC', 'timestamp': 1776826463914, 'recvWindow': 5000, 'signature': '***'}
2026-04-22 08:24:25 | INFO     | trading_bot.client | RESPONSE POST /fapi/v1/order | status=200 body={"orderId":13059801837,"symbol":"BTCUSDT","status":"NEW","clientOrderId":"Xb93KbCQaNaPiFJZFMXjfg","price":"99000.00","avgPrice":"0.00","origQty":"0.0010","executedQty":"0.0000","cumQty":"0.0000","cumQuote":"0.000000","timeInForce":"GTC","type":"LIMIT","reduceOnly":false,"closePosition":false,"side":"SELL","positionSide":"BOTH","stopPrice":"0.00","workingType":"CONTRACT_PRICE","priceProtect":false,"origType":"LIMIT","priceMatch":"NONE","selfTradePreventionMode":"EXPIRE_MAKER","goodTillDate":0,"up
2026-04-22 08:24:25 | INFO     | trading_bot.orders | LIMIT order placed: orderId=13059801837 status=NEW
